This is pdfTeX, Version 3.141592653-2.6-1.40.24 (MiKTeX 22.10) (preloaded format=pdflatex 2022.11.1)  18 APR 2023 12:06
entering extended mode
 \write18 enabled.
 %&-line parsing enabled.
**serie3.tex
(C:\Users\manue\AppData\Local\Programs\MiKTeX\tex/latex/tools\x.tex
LaTeX2e <2022-06-01> patch level 5
L3 programming layer <2022-09-28>
! .
l.38   \batchmode \errmessage{}
                               \csname @@end\endcsname \end
This error message was generated by an \errmessage
command, so I can't give any explicit help.
Pretend that you're Hercule Poirot: Examine all clues,
and deduce the truth by order and method.

 ) 
Here is how much of TeX's memory you used:
 19 strings out of 475385
 499 string characters out of 2776907
 340166 words of memory out of 3000000
 21499 multiletter control sequences out of 15000+600000
 469259 words of font info for 28 fonts, out of 8000000 for 9000
 1141 hyphenation exceptions out of 8191
 13i,0n,12p,90b,10s stack positions out of 10000i,1000n,20000p,200000b,80000s

No pages of output.
PDF statistics:
 0 PDF objects out of 1000 (max. 8388607)
 0 named destinations out of 1000 (max. 500000)
 1 words of extra memory for PDF output out of 10000 (max. 10000000)

